Flow report for IT_LAB_7
Mon Mar 07 14:06:50 2022
Quartus Prime Version 20.1.1 Build 720 11/11/2020 SJ Standard Edition


---------------------
; Table of Contents ;
---------------------
  1. Legal Notice
  2. Flow Summary
  3. Flow Settings
  4. Flow Non-Default Global Settings
  5. Flow Elapsed Time
  6. Flow OS Summary
  7. Flow Log
  8. Flow Messages
  9. Flow Suppressed Messages



----------------
; Legal Notice ;
----------------
Copyright (C) 2020  Intel Corporation. All rights reserved.
Your use of Intel Corporation's design tools, logic functions 
and other software and tools, and any partner logic 
functions, and any output files from any of the foregoing 
(including device programming or simulation files), and any 
associated documentation or information are expressly subject 
to the terms and conditions of the Intel Program License 
Subscription Agreement, the Intel Quartus Prime License Agreement,
the Intel FPGA IP License Agreement, or other applicable license
agreement, including, without limitation, that your use is for
the sole purpose of programming logic devices manufactured by
Intel and sold by Intel or its authorized distributors.  Please
refer to the applicable agreement for further details, at
https://fpgasoftware.intel.com/eula.



+-----------------------------------------------------------------------------------+
; Flow Summary                                                                      ;
+---------------------------------+-------------------------------------------------+
; Flow Status                     ; Successful - Mon Mar 07 14:06:50 2022           ;
; Quartus Prime Version           ; 20.1.1 Build 720 11/11/2020 SJ Standard Edition ;
; Revision Name                   ; IT_LAB_7                                        ;
; Top-level Entity Name           ; IT_LAB_7                                        ;
; Family                          ; Cyclone V                                       ;
; Device                          ; 5CSXFC6D6F31C6                                  ;
; Timing Models                   ; Final                                           ;
; Logic utilization (in ALMs)     ; 603 / 41,910 ( 1 % )                            ;
; Total registers                 ; 246                                             ;
; Total pins                      ; 168 / 499 ( 34 % )                              ;
; Total virtual pins              ; 0                                               ;
; Total block memory bits         ; 4,147,200 / 5,662,720 ( 73 % )                  ;
; Total DSP Blocks                ; 0 / 112 ( 0 % )                                 ;
; Total HSSI RX PCSs              ; 0 / 9 ( 0 % )                                   ;
; Total HSSI PMA RX Deserializers ; 0 / 9 ( 0 % )                                   ;
; Total HSSI TX PCSs              ; 0 / 9 ( 0 % )                                   ;
; Total HSSI PMA TX Serializers   ; 0 / 9 ( 0 % )                                   ;
; Total PLLs                      ; 1 / 15 ( 7 % )                                  ;
; Total DLLs                      ; 0 / 4 ( 0 % )                                   ;
+---------------------------------+-------------------------------------------------+


+-----------------------------------------+
; Flow Settings                           ;
+-------------------+---------------------+
; Option            ; Setting             ;
+-------------------+---------------------+
; Start date & time ; 03/07/2022 14:02:31 ;
; Main task         ; Compilation         ;
; Revision Name     ; IT_LAB_7            ;
+-------------------+---------------------+


+-----------------------------------------------------------------------------------------------------------------------------------------------------+
; Flow Non-Default Global Settings                                                                                                                    ;
+--------------------------------------+--------------------------------------------+---------------+-------------+-----------------------------------+
; Assignment Name                      ; Value                                      ; Default Value ; Entity Name ; Section Id                        ;
+--------------------------------------+--------------------------------------------+---------------+-------------+-----------------------------------+
; COMPILER_SIGNATURE_ID                ; 211365432701497.164668695121432            ; --            ; --          ; --                                ;
; EDA_DESIGN_INSTANCE_NAME             ; NA                                         ; --            ; --          ; tb                                ;
; EDA_GENERATE_FUNCTIONAL_NETLIST      ; Off                                        ; --            ; --          ; eda_board_design_timing           ;
; EDA_GENERATE_FUNCTIONAL_NETLIST      ; Off                                        ; --            ; --          ; eda_board_design_boundary_scan    ;
; EDA_GENERATE_FUNCTIONAL_NETLIST      ; Off                                        ; --            ; --          ; eda_board_design_signal_integrity ;
; EDA_GENERATE_FUNCTIONAL_NETLIST      ; Off                                        ; --            ; --          ; eda_board_design_symbol           ;
; EDA_NATIVELINK_SIMULATION_TEST_BENCH ; tb                                         ; --            ; --          ; eda_simulation                    ;
; EDA_OUTPUT_DATA_FORMAT               ; Verilog Hdl                                ; --            ; --          ; eda_simulation                    ;
; EDA_SIMULATION_TOOL                  ; ModelSim-Altera (Verilog)                  ; <None>        ; --          ; --                                ;
; EDA_TEST_BENCH_ENABLE_STATUS         ; TEST_BENCH_MODE                            ; --            ; --          ; eda_simulation                    ;
; EDA_TEST_BENCH_FILE                  ; ../source/tb.sv                            ; --            ; --          ; tb                                ;
; EDA_TEST_BENCH_MODULE_NAME           ; tb                                         ; --            ; --          ; tb                                ;
; EDA_TEST_BENCH_NAME                  ; tb                                         ; --            ; --          ; eda_simulation                    ;
; EDA_TIME_SCALE                       ; 1 ps                                       ; --            ; --          ; eda_simulation                    ;
; MAX_CORE_JUNCTION_TEMP               ; 85                                         ; --            ; --          ; --                                ;
; MIN_CORE_JUNCTION_TEMP               ; 0                                          ; --            ; --          ; --                                ;
; MISC_FILE                            ; ../source/PLL_quartus_files/PLL.cmp        ; --            ; --          ; --                                ;
; MISC_FILE                            ; ../source/PLL_quartus_files/PLL_sim/PLL.vo ; --            ; --          ; --                                ;
; MISC_FILE                            ; ROM_pixels_inst.v                          ; --            ; --          ; --                                ;
; MISC_FILE                            ; ROM_pixels_bb.v                            ; --            ; --          ; --                                ;
; MISC_FILE                            ; ROM_640p_inst.v                            ; --            ; --          ; --                                ;
; MISC_FILE                            ; ROM_640p_bb.v                              ; --            ; --          ; --                                ;
; PARTITION_COLOR                      ; -- (Not supported for targeted family)     ; --            ; --          ; Top                               ;
; PARTITION_FITTER_PRESERVATION_LEVEL  ; -- (Not supported for targeted family)     ; --            ; --          ; Top                               ;
; PARTITION_NETLIST_TYPE               ; -- (Not supported for targeted family)     ; --            ; --          ; Top                               ;
; POWER_BOARD_THERMAL_MODEL            ; None (CONSERVATIVE)                        ; --            ; --          ; --                                ;
; POWER_PRESET_COOLING_SOLUTION        ; 23 MM HEAT SINK WITH 200 LFPM AIRFLOW      ; --            ; --          ; --                                ;
; SPD_FILE                             ; ../source/PLL_quartus_files/PLL.spd        ; --            ; --          ; --                                ;
; SYNTHESIS_ONLY_QIP                   ; On                                         ; --            ; --          ; --                                ;
+--------------------------------------+--------------------------------------------+---------------+-------------+-----------------------------------+


+--------------------------------------------------------------------------------------------------------------------------+
; Flow Elapsed Time                                                                                                        ;
+----------------------+--------------+-------------------------+---------------------+------------------------------------+
; Module Name          ; Elapsed Time ; Average Processors Used ; Peak Virtual Memory ; Total CPU Time (on all processors) ;
+----------------------+--------------+-------------------------+---------------------+------------------------------------+
; Analysis & Synthesis ; 00:00:36     ; 1.0                     ; 4979 MB             ; 00:01:06                           ;
; Fitter               ; 00:02:31     ; 1.4                     ; 6751 MB             ; 00:06:32                           ;
; Assembler            ; 00:00:15     ; 1.0                     ; 4924 MB             ; 00:00:15                           ;
; Timing Analyzer      ; 00:00:37     ; 2.2                     ; 5326 MB             ; 00:01:17                           ;
; EDA Netlist Writer   ; 00:00:07     ; 1.0                     ; 4887 MB             ; 00:00:06                           ;
; Total                ; 00:04:06     ; --                      ; --                  ; 00:09:16                           ;
+----------------------+--------------+-------------------------+---------------------+------------------------------------+


+------------------------------------------------------------------------------------+
; Flow OS Summary                                                                    ;
+----------------------+------------------+------------+------------+----------------+
; Module Name          ; Machine Hostname ; OS Name    ; OS Version ; Processor type ;
+----------------------+------------------+------------+------------+----------------+
; Analysis & Synthesis ; IKES-LAPTOP      ; Windows 10 ; 10.0       ; x86_64         ;
; Fitter               ; IKES-LAPTOP      ; Windows 10 ; 10.0       ; x86_64         ;
; Assembler            ; IKES-LAPTOP      ; Windows 10 ; 10.0       ; x86_64         ;
; Timing Analyzer      ; IKES-LAPTOP      ; Windows 10 ; 10.0       ; x86_64         ;
; EDA Netlist Writer   ; IKES-LAPTOP      ; Windows 10 ; 10.0       ; x86_64         ;
+----------------------+------------------+------------+------------+----------------+


------------
; Flow Log ;
------------
quartus_map --read_settings_files=on --write_settings_files=off IT_LAB_7 -c IT_LAB_7
quartus_fit --read_settings_files=off --write_settings_files=off IT_LAB_7 -c IT_LAB_7
quartus_asm --read_settings_files=off --write_settings_files=off IT_LAB_7 -c IT_LAB_7
quartus_sta IT_LAB_7 -c IT_LAB_7
quartus_eda --read_settings_files=off --write_settings_files=off IT_LAB_7 -c IT_LAB_7



