Info: Starting: Create HDL design files for synthesis
Info: qsys-generate C:\Users\idtti\OneDrive\Desktop\ECEN_3763\lab_wk_8\quartus\PLATFORM_DES_LAB_8.qsys --synthesis=VERILOG --output-directory=C:\Users\idtti\OneDrive\Desktop\ECEN_3763\lab_wk_8\quartus\PLATFORM_DES_LAB_8\synthesis --family="Cyclone V" --part=5CSXFC6D6F31C6
Progress: Loading quartus/PLATFORM_DES_LAB_8.qsys
Progress: Reading input file
Progress: Adding clk_0 [clock_source 20.1]
Progress: Parameterizing module clk_0
Progress: Adding master_0 [altera_jtag_avalon_master 20.1]
Progress: Parameterizing module master_0
Progress: Adding new_sdram_controller_0 [altera_avalon_new_sdram_controller 20.1]
Progress: Parameterizing module new_sdram_controller_0
Progress: Adding pio_0 [altera_avalon_pio 20.1]
Progress: Parameterizing module pio_0
Progress: Adding pll_0 [altera_pll 20.1]
Progress: Parameterizing module pll_0
Progress: Building connections
Progress: Parameterizing connections
Progress: Validating
Progress: Done reading input file
Info: PLATFORM_DES_LAB_8.new_sdram_controller_0: SDRAM Controller will only be supported in Quartus Prime Standard Edition in the future release.
Info: PLATFORM_DES_LAB_8.pll_0: The legal reference clock frequency is 5.0 MHz..800.0 MHz
Warning: PLATFORM_DES_LAB_8.pll_0: Able to implement PLL - Actual settings differ from Requested settings
Info: PLATFORM_DES_LAB_8: Generating PLATFORM_DES_LAB_8 "PLATFORM_DES_LAB_8" for QUARTUS_SYNTH
Info: master_0: "PLATFORM_DES_LAB_8" instantiated altera_jtag_avalon_master "master_0"
Info: new_sdram_controller_0: Starting RTL generation for module 'PLATFORM_DES_LAB_8_new_sdram_controller_0'
Info: new_sdram_controller_0:   Generation command is [exec C:/intelfpga/20.1/quartus/bin64/perl/bin/perl.exe -I C:/intelfpga/20.1/quartus/bin64/perl/lib -I C:/intelfpga/20.1/quartus/sopc_builder/bin/europa -I C:/intelfpga/20.1/quartus/sopc_builder/bin -I C:/intelfpga/20.1/quartus/../ip/altera/sopc_builder_ip/common -I C:/intelfpga/20.1/quartus/../ip/altera/sopc_builder_ip/altera_avalon_new_sdram_controller -- C:/intelfpga/20.1/quartus/../ip/altera/sopc_builder_ip/altera_avalon_new_sdram_controller/generate_rtl.pl --name=PLATFORM_DES_LAB_8_new_sdram_controller_0 --dir=C:/Users/idtti/AppData/Local/Temp/alt9062_5812592619473417550.dir/0002_new_sdram_controller_0_gen/ --quartus_dir=C:/intelfpga/20.1/quartus --verilog --config=C:/Users/idtti/AppData/Local/Temp/alt9062_5812592619473417550.dir/0002_new_sdram_controller_0_gen//PLATFORM_DES_LAB_8_new_sdram_controller_0_component_configuration.pl  --do_build_sim=0  ]
Info: new_sdram_controller_0: Done RTL generation for module 'PLATFORM_DES_LAB_8_new_sdram_controller_0'
Info: new_sdram_controller_0: "PLATFORM_DES_LAB_8" instantiated altera_avalon_new_sdram_controller "new_sdram_controller_0"
Info: pio_0: Starting RTL generation for module 'PLATFORM_DES_LAB_8_pio_0'
Info: pio_0:   Generation command is [exec C:/intelfpga/20.1/quartus/bin64/perl/bin/perl.exe -I C:/intelfpga/20.1/quartus/bin64/perl/lib -I C:/intelfpga/20.1/quartus/sopc_builder/bin/europa -I C:/intelfpga/20.1/quartus/sopc_builder/bin -I C:/intelfpga/20.1/quartus/../ip/altera/sopc_builder_ip/common -I C:/intelfpga/20.1/quartus/../ip/altera/sopc_builder_ip/altera_avalon_pio -- C:/intelfpga/20.1/quartus/../ip/altera/sopc_builder_ip/altera_avalon_pio/generate_rtl.pl --name=PLATFORM_DES_LAB_8_pio_0 --dir=C:/Users/idtti/AppData/Local/Temp/alt9062_5812592619473417550.dir/0003_pio_0_gen/ --quartus_dir=C:/intelfpga/20.1/quartus --verilog --config=C:/Users/idtti/AppData/Local/Temp/alt9062_5812592619473417550.dir/0003_pio_0_gen//PLATFORM_DES_LAB_8_pio_0_component_configuration.pl  --do_build_sim=0  ]
Info: pio_0: Done RTL generation for module 'PLATFORM_DES_LAB_8_pio_0'
Info: pio_0: "PLATFORM_DES_LAB_8" instantiated altera_avalon_pio "pio_0"
Info: pll_0: "PLATFORM_DES_LAB_8" instantiated altera_pll "pll_0"
Info: avalon_st_adapter: Inserting error_adapter: error_adapter_0
Info: avalon_st_adapter_001: Inserting error_adapter: error_adapter_0
Info: mm_interconnect_0: "PLATFORM_DES_LAB_8" instantiated altera_mm_interconnect "mm_interconnect_0"
Info: rst_controller: "PLATFORM_DES_LAB_8" instantiated altera_reset_controller "rst_controller"
Info: jtag_phy_embedded_in_jtag_master: "master_0" instantiated altera_jtag_dc_streaming "jtag_phy_embedded_in_jtag_master"
Info: timing_adt: "master_0" instantiated timing_adapter "timing_adt"
Info: fifo: "master_0" instantiated altera_avalon_sc_fifo "fifo"
Info: b2p: "master_0" instantiated altera_avalon_st_bytes_to_packets "b2p"
Info: p2b: "master_0" instantiated altera_avalon_st_packets_to_bytes "p2b"
Info: transacto: "master_0" instantiated altera_avalon_packets_to_master "transacto"
Info: b2p_adapter: "master_0" instantiated channel_adapter "b2p_adapter"
Info: p2b_adapter: "master_0" instantiated channel_adapter "p2b_adapter"
Info: master_0_master_translator: "mm_interconnect_0" instantiated altera_merlin_master_translator "master_0_master_translator"
Info: pio_0_s1_translator: "mm_interconnect_0" instantiated altera_merlin_slave_translator "pio_0_s1_translator"
Info: master_0_master_agent: "mm_interconnect_0" instantiated altera_merlin_master_agent "master_0_master_agent"
Info: pio_0_s1_agent: "mm_interconnect_0" instantiated altera_merlin_slave_agent "pio_0_s1_agent"
Info: router: "mm_interconnect_0" instantiated altera_merlin_router "router"
Info: router_001: "mm_interconnect_0" instantiated altera_merlin_router "router_001"
Info: router_002: "mm_interconnect_0" instantiated altera_merlin_router "router_002"
Info: master_0_master_limiter: "mm_interconnect_0" instantiated altera_merlin_traffic_limiter "master_0_master_limiter"
Info: Reusing file C:/Users/idtti/OneDrive/Desktop/ECEN_3763/lab_wk_8/quartus/PLATFORM_DES_LAB_8/synthesis/submodules/altera_avalon_sc_fifo.v
Info: Reusing file C:/Users/idtti/OneDrive/Desktop/ECEN_3763/lab_wk_8/quartus/PLATFORM_DES_LAB_8/synthesis/submodules/altera_avalon_st_pipeline_base.v
Info: new_sdram_controller_0_s1_burst_adapter: "mm_interconnect_0" instantiated altera_merlin_burst_adapter "new_sdram_controller_0_s1_burst_adapter"
Info: Reusing file C:/Users/idtti/OneDrive/Desktop/ECEN_3763/lab_wk_8/quartus/PLATFORM_DES_LAB_8/synthesis/submodules/altera_avalon_st_pipeline_stage.sv
Info: Reusing file C:/Users/idtti/OneDrive/Desktop/ECEN_3763/lab_wk_8/quartus/PLATFORM_DES_LAB_8/synthesis/submodules/altera_avalon_st_pipeline_base.v
Info: cmd_demux: "mm_interconnect_0" instantiated altera_merlin_demultiplexer "cmd_demux"
Info: cmd_mux: "mm_interconnect_0" instantiated altera_merlin_multiplexer "cmd_mux"
Info: rsp_demux: "mm_interconnect_0" instantiated altera_merlin_demultiplexer "rsp_demux"
Info: rsp_mux: "mm_interconnect_0" instantiated altera_merlin_multiplexer "rsp_mux"
Info: Reusing file C:/Users/idtti/OneDrive/Desktop/ECEN_3763/lab_wk_8/quartus/PLATFORM_DES_LAB_8/synthesis/submodules/altera_merlin_arbitrator.sv
Info: new_sdram_controller_0_s1_rsp_width_adapter: "mm_interconnect_0" instantiated altera_merlin_width_adapter "new_sdram_controller_0_s1_rsp_width_adapter"
Info: Reusing file C:/Users/idtti/OneDrive/Desktop/ECEN_3763/lab_wk_8/quartus/PLATFORM_DES_LAB_8/synthesis/submodules/altera_merlin_address_alignment.sv
Info: Reusing file C:/Users/idtti/OneDrive/Desktop/ECEN_3763/lab_wk_8/quartus/PLATFORM_DES_LAB_8/synthesis/submodules/altera_merlin_burst_uncompressor.sv
Info: avalon_st_adapter: "mm_interconnect_0" instantiated altera_avalon_st_adapter "avalon_st_adapter"
Info: avalon_st_adapter_001: "mm_interconnect_0" instantiated altera_avalon_st_adapter "avalon_st_adapter_001"
Info: error_adapter_0: "avalon_st_adapter" instantiated error_adapter "error_adapter_0"
Info: error_adapter_0: "avalon_st_adapter_001" instantiated error_adapter "error_adapter_0"
Info: PLATFORM_DES_LAB_8: Done "PLATFORM_DES_LAB_8" with 33 modules, 56 files
Info: qsys-generate succeeded.
Info: Finished: Create HDL design files for synthesis
