Flow report for IT_LAB_8
Fri Mar 11 11:58:17 2022
Quartus Prime Version 20.1.1 Build 720 11/11/2020 SJ Standard Edition


---------------------
; Table of Contents ;
---------------------
  1. Legal Notice
  2. Flow Summary
  3. Flow Settings
  4. Flow Non-Default Global Settings
  5. Flow Elapsed Time
  6. Flow OS Summary
  7. Flow Log
  8. Flow Messages
  9. Flow Suppressed Messages



----------------
; Legal Notice ;
----------------
Copyright (C) 2020  Intel Corporation. All rights reserved.
Your use of Intel Corporation's design tools, logic functions 
and other software and tools, and any partner logic 
functions, and any output files from any of the foregoing 
(including device programming or simulation files), and any 
associated documentation or information are expressly subject 
to the terms and conditions of the Intel Program License 
Subscription Agreement, the Intel Quartus Prime License Agreement,
the Intel FPGA IP License Agreement, or other applicable license
agreement, including, without limitation, that your use is for
the sole purpose of programming logic devices manufactured by
Intel and sold by Intel or its authorized distributors.  Please
refer to the applicable agreement for further details, at
https://fpgasoftware.intel.com/eula.



+-----------------------------------------------------------------------------------+
; Flow Summary                                                                      ;
+---------------------------------+-------------------------------------------------+
; Flow Status                     ; Successful - Fri Mar 11 11:57:55 2022           ;
; Quartus Prime Version           ; 20.1.1 Build 720 11/11/2020 SJ Standard Edition ;
; Revision Name                   ; IT_LAB_8                                        ;
; Top-level Entity Name           ; IT_LAB_8                                        ;
; Family                          ; Cyclone V                                       ;
; Device                          ; 5CSXFC6D6F31C6                                  ;
; Timing Models                   ; Final                                           ;
; Logic utilization (in ALMs)     ; 667 / 41,910 ( 2 % )                            ;
; Total registers                 ; 1085                                            ;
; Total pins                      ; 57 / 499 ( 11 % )                               ;
; Total virtual pins              ; 0                                               ;
; Total block memory bits         ; 640 / 5,662,720 ( < 1 % )                       ;
; Total DSP Blocks                ; 0 / 112 ( 0 % )                                 ;
; Total HSSI RX PCSs              ; 0 / 9 ( 0 % )                                   ;
; Total HSSI PMA RX Deserializers ; 0 / 9 ( 0 % )                                   ;
; Total HSSI TX PCSs              ; 0 / 9 ( 0 % )                                   ;
; Total HSSI PMA TX Serializers   ; 0 / 9 ( 0 % )                                   ;
; Total PLLs                      ; 1 / 15 ( 7 % )                                  ;
; Total DLLs                      ; 0 / 4 ( 0 % )                                   ;
+---------------------------------+-------------------------------------------------+


+-----------------------------------------+
; Flow Settings                           ;
+-------------------+---------------------+
; Option            ; Setting             ;
+-------------------+---------------------+
; Start date & time ; 03/11/2022 11:55:43 ;
; Main task         ; Compilation         ;
; Revision Name     ; IT_LAB_8            ;
+-------------------+---------------------+


+--------------------------------------------------------------------------------------------------------------------------------------------------------------+
; Flow Non-Default Global Settings                                                                                                                             ;
+-------------------------------------+----------------------------------------------------------------------+---------------+--------------------+------------+
; Assignment Name                     ; Value                                                                ; Default Value ; Entity Name        ; Section Id ;
+-------------------------------------+----------------------------------------------------------------------+---------------+--------------------+------------+
; COMPILER_SIGNATURE_ID               ; 211365432701497.164702494326604                                      ; --            ; --                 ; --         ;
; MAX_CORE_JUNCTION_TEMP              ; 85                                                                   ; --            ; --                 ; --         ;
; MIN_CORE_JUNCTION_TEMP              ; 0                                                                    ; --            ; --                 ; --         ;
; MISC_FILE                           ; PLATFORM_DES_LAB_8/synthesis/../PLATFORM_DES_LAB_8.cmp               ; --            ; --                 ; --         ;
; MISC_FILE                           ; PLATFORM_DES_LAB_8/synthesis/../../PLATFORM_DES_LAB_8.qsys           ; --            ; --                 ; --         ;
; PARTITION_COLOR                     ; -- (Not supported for targeted family)                               ; --            ; --                 ; Top        ;
; PARTITION_FITTER_PRESERVATION_LEVEL ; -- (Not supported for targeted family)                               ; --            ; --                 ; Top        ;
; PARTITION_NETLIST_TYPE              ; -- (Not supported for targeted family)                               ; --            ; --                 ; Top        ;
; POWER_BOARD_THERMAL_MODEL           ; None (CONSERVATIVE)                                                  ; --            ; --                 ; --         ;
; POWER_PRESET_COOLING_SOLUTION       ; 23 MM HEAT SINK WITH 200 LFPM AIRFLOW                                ; --            ; --                 ; --         ;
; SLD_FILE                            ; PLATFORM_DES_LAB_8/synthesis/PLATFORM_DES_LAB_8.regmap               ; --            ; --                 ; --         ;
; SLD_FILE                            ; PLATFORM_DES_LAB_8/synthesis/PLATFORM_DES_LAB_8.debuginfo            ; --            ; --                 ; --         ;
; SLD_INFO                            ; QSYS_NAME PLATFORM_DES_LAB_8 HAS_SOPCINFO 1 GENERATION_ID 1646963628 ; --            ; PLATFORM_DES_LAB_8 ; --         ;
; SOPCINFO_FILE                       ; PLATFORM_DES_LAB_8/synthesis/../../PLATFORM_DES_LAB_8.sopcinfo       ; --            ; --                 ; --         ;
; SYNTHESIS_ONLY_QIP                  ; On                                                                   ; --            ; --                 ; --         ;
+-------------------------------------+----------------------------------------------------------------------+---------------+--------------------+------------+


+--------------------------------------------------------------------------------------------------------------------------+
; Flow Elapsed Time                                                                                                        ;
+----------------------+--------------+-------------------------+---------------------+------------------------------------+
; Module Name          ; Elapsed Time ; Average Processors Used ; Peak Virtual Memory ; Total CPU Time (on all processors) ;
+----------------------+--------------+-------------------------+---------------------+------------------------------------+
; Analysis & Synthesis ; 00:00:35     ; 1.0                     ; 4935 MB             ; 00:01:01                           ;
; Fitter               ; 00:01:19     ; 1.1                     ; 7032 MB             ; 00:02:27                           ;
; Assembler            ; 00:00:13     ; 1.0                     ; 4857 MB             ; 00:00:09                           ;
; Timing Analyzer      ; 00:00:20     ; 1.3                     ; 5345 MB             ; 00:00:24                           ;
; Total                ; 00:02:27     ; --                      ; --                  ; 00:04:01                           ;
+----------------------+--------------+-------------------------+---------------------+------------------------------------+


+------------------------------------------------------------------------------------+
; Flow OS Summary                                                                    ;
+----------------------+------------------+------------+------------+----------------+
; Module Name          ; Machine Hostname ; OS Name    ; OS Version ; Processor type ;
+----------------------+------------------+------------+------------+----------------+
; Analysis & Synthesis ; IKES-LAPTOP      ; Windows 10 ; 10.0       ; x86_64         ;
; Fitter               ; IKES-LAPTOP      ; Windows 10 ; 10.0       ; x86_64         ;
; Assembler            ; IKES-LAPTOP      ; Windows 10 ; 10.0       ; x86_64         ;
; Timing Analyzer      ; IKES-LAPTOP      ; Windows 10 ; 10.0       ; x86_64         ;
+----------------------+------------------+------------+------------+----------------+


------------
; Flow Log ;
------------
quartus_map --read_settings_files=on --write_settings_files=off IT_LAB_8 -c IT_LAB_8
quartus_fit --read_settings_files=off --write_settings_files=off IT_LAB_8 -c IT_LAB_8
quartus_asm --read_settings_files=off --write_settings_files=off IT_LAB_8 -c IT_LAB_8
quartus_sta IT_LAB_8 -c IT_LAB_8



